<?xml version="1.0" encoding="utf-8"?>
<coverage line-rate="0.6611" branch-rate="0.6311" version="1.9" timestamp="1757756279" lines-covered="320" lines-valid="484" branches-covered="77" branches-valid="122">
  <sources>
    <source>/Users/mikhailtyuzin/personal/projects/todotxt.net/src/</source>
  </sources>
  <packages>
    <package name="ToDoLib" line-rate="0.6997" branch-rate="0.7169" complexity="134">
      <classes>
        <class name="ToDoLib.Log" filename="TodoTxt.Lib/Log.cs" line-rate="0.1052" branch-rate="0.07139999999999999" complexity="17">
          <methods>
            <method name="get_LogLevel" signature="()" line-rate="1" branch-rate="1" complexity="1">
              <lines>
                <line number="17" hits="42" branch="False" />
              </lines>
            </method>
            <method name="get_LogFile" signature="()" line-rate="0" branch-rate="0" complexity="2">
              <lines>
                <line number="24" hits="0" branch="False" />
                <line number="25" hits="0" branch="True" condition-coverage="0% (0/2)">
                  <conditions>
                    <condition number="11" type="jump" coverage="0%" />
                  </conditions>
                </line>
                <line number="26" hits="0" branch="False" />
                <line number="27" hits="0" branch="False" />
                <line number="28" hits="0" branch="False" />
                <line number="29" hits="0" branch="False" />
                <line number="30" hits="0" branch="False" />
                <line number="31" hits="0" branch="False" />
              </lines>
            </method>
            <method name="set_LogFile" signature="(System.String)" line-rate="0" branch-rate="1" complexity="1">
              <lines>
                <line number="34" hits="0" branch="False" />
                <line number="35" hits="0" branch="False" />
                <line number="36" hits="0" branch="False" />
              </lines>
            </method>
            <method name="Debug" signature="(System.String,System.String[])" line-rate="0.75" branch-rate="0.5" complexity="2">
              <lines>
                <line number="40" hits="42" branch="False" />
                <line number="41" hits="42" branch="True" condition-coverage="50% (1/2)">
                  <conditions>
                    <condition number="11" type="jump" coverage="50%" />
                  </conditions>
                </line>
                <line number="42" hits="0" branch="False" />
                <line number="43" hits="42" branch="False" />
              </lines>
            </method>
            <method name="Error" signature="(System.String,System.Exception)" line-rate="0" branch-rate="1" complexity="1">
              <lines>
                <line number="46" hits="0" branch="False" />
                <line number="47" hits="0" branch="False" />
                <line number="48" hits="0" branch="False" />
              </lines>
            </method>
            <method name="Error" signature="(System.String,System.String[])" line-rate="0" branch-rate="0" complexity="4">
              <lines>
                <line number="51" hits="0" branch="False" />
                <line number="52" hits="0" branch="True" condition-coverage="0% (0/4)">
                  <conditions>
                    <condition number="7" type="jump" coverage="0%" />
                    <condition number="22" type="jump" coverage="0%" />
                  </conditions>
                </line>
                <line number="53" hits="0" branch="False" />
                <line number="54" hits="0" branch="False" />
              </lines>
            </method>
            <method name="Write" signature="(System.String,System.String[])" line-rate="0" branch-rate="0" complexity="6">
              <lines>
                <line number="57" hits="0" branch="False" />
                <line number="58" hits="0" branch="True" condition-coverage="0% (0/2)">
                  <conditions>
                    <condition number="12" type="jump" coverage="0%" />
                  </conditions>
                </line>
                <line number="59" hits="0" branch="False" />
                <line number="61" hits="0" branch="False" />
                <line number="63" hits="0" branch="False" />
                <line number="65" hits="0" branch="True" condition-coverage="0% (0/2)">
                  <conditions>
                    <condition number="114" type="jump" coverage="0%" />
                  </conditions>
                </line>
                <line number="66" hits="0" branch="False" />
                <line number="70" hits="0" branch="False" />
                <line number="71" hits="0" branch="False" />
                <line number="72" hits="0" branch="True" condition-coverage="0% (0/2)">
                  <conditions>
                    <condition number="165" type="jump" coverage="0%" />
                  </conditions>
                </line>
                <line number="73" hits="0" branch="False" />
                <line number="75" hits="0" branch="False" />
                <line number="77" hits="0" branch="False" />
                <line number="78" hits="0" branch="False" />
                <line number="79" hits="0" branch="False" />
              </lines>
            </method>
          </methods>
          <lines>
            <line number="17" hits="42" branch="False" />
            <line number="24" hits="0" branch="False" />
            <line number="25" hits="0" branch="True" condition-coverage="0% (0/2)">
              <conditions>
                <condition number="11" type="jump" coverage="0%" />
              </conditions>
            </line>
            <line number="26" hits="0" branch="False" />
            <line number="27" hits="0" branch="False" />
            <line number="28" hits="0" branch="False" />
            <line number="29" hits="0" branch="False" />
            <line number="30" hits="0" branch="False" />
            <line number="31" hits="0" branch="False" />
            <line number="34" hits="0" branch="False" />
            <line number="35" hits="0" branch="False" />
            <line number="36" hits="0" branch="False" />
            <line number="40" hits="42" branch="False" />
            <line number="41" hits="42" branch="True" condition-coverage="50% (1/2)">
              <conditions>
                <condition number="11" type="jump" coverage="50%" />
              </conditions>
            </line>
            <line number="42" hits="0" branch="False" />
            <line number="43" hits="42" branch="False" />
            <line number="46" hits="0" branch="False" />
            <line number="47" hits="0" branch="False" />
            <line number="48" hits="0" branch="False" />
            <line number="51" hits="0" branch="False" />
            <line number="52" hits="0" branch="True" condition-coverage="0% (0/4)">
              <conditions>
                <condition number="7" type="jump" coverage="0%" />
                <condition number="22" type="jump" coverage="0%" />
              </conditions>
            </line>
            <line number="53" hits="0" branch="False" />
            <line number="54" hits="0" branch="False" />
            <line number="57" hits="0" branch="False" />
            <line number="58" hits="0" branch="True" condition-coverage="0% (0/2)">
              <conditions>
                <condition number="12" type="jump" coverage="0%" />
              </conditions>
            </line>
            <line number="59" hits="0" branch="False" />
            <line number="61" hits="0" branch="False" />
            <line number="63" hits="0" branch="False" />
            <line number="65" hits="0" branch="True" condition-coverage="0% (0/2)">
              <conditions>
                <condition number="114" type="jump" coverage="0%" />
              </conditions>
            </line>
            <line number="66" hits="0" branch="False" />
            <line number="70" hits="0" branch="False" />
            <line number="71" hits="0" branch="False" />
            <line number="72" hits="0" branch="True" condition-coverage="0% (0/2)">
              <conditions>
                <condition number="165" type="jump" coverage="0%" />
              </conditions>
            </line>
            <line number="73" hits="0" branch="False" />
            <line number="75" hits="0" branch="False" />
            <line number="77" hits="0" branch="False" />
            <line number="78" hits="0" branch="False" />
            <line number="79" hits="0" branch="False" />
          </lines>
        </class>
        <class name="ToDoLib.Task" filename="TodoTxt.Lib/Task.cs" line-rate="0.8411" branch-rate="0.7833" complexity="76">
          <methods>
            <method name="get_Projects" signature="()" line-rate="1" branch-rate="1" complexity="1">
              <lines>
                <line number="33" hits="181" branch="False" />
              </lines>
            </method>
            <method name="get_PrimaryProject" signature="()" line-rate="1" branch-rate="1" complexity="1">
              <lines>
                <line number="34" hits="109" branch="False" />
              </lines>
            </method>
            <method name="get_Contexts" signature="()" line-rate="1" branch-rate="1" complexity="1">
              <lines>
                <line number="35" hits="180" branch="False" />
              </lines>
            </method>
            <method name="get_PrimaryContext" signature="()" line-rate="1" branch-rate="1" complexity="1">
              <lines>
                <line number="36" hits="108" branch="False" />
              </lines>
            </method>
            <method name="get_DueDate" signature="()" line-rate="1" branch-rate="1" complexity="1">
              <lines>
                <line number="37" hits="139" branch="False" />
              </lines>
            </method>
            <method name="get_CompletedDate" signature="()" line-rate="1" branch-rate="1" complexity="1">
              <lines>
                <line number="38" hits="154" branch="False" />
              </lines>
            </method>
            <method name="get_CreationDate" signature="()" line-rate="1" branch-rate="1" complexity="1">
              <lines>
                <line number="39" hits="66" branch="False" />
              </lines>
            </method>
            <method name="get_ThresholdDate" signature="()" line-rate="1" branch-rate="1" complexity="1">
              <lines>
                <line number="40" hits="89" branch="False" />
              </lines>
            </method>
            <method name="get_Priority" signature="()" line-rate="1" branch-rate="1" complexity="1">
              <lines>
                <line number="41" hits="190" branch="False" />
              </lines>
            </method>
            <method name="get_Body" signature="()" line-rate="1" branch-rate="1" complexity="1">
              <lines>
                <line number="42" hits="136" branch="False" />
              </lines>
            </method>
            <method name="get_Raw" signature="()" line-rate="1" branch-rate="1" complexity="1">
              <lines>
                <line number="43" hits="202" branch="False" />
              </lines>
            </method>
            <method name="get_Completed" signature="()" line-rate="1" branch-rate="1" complexity="1">
              <lines>
                <line number="49" hits="273" branch="False" />
              </lines>
            </method>
            <method name="set_Completed" signature="(System.Boolean)" line-rate="1" branch-rate="1" complexity="2">
              <lines>
                <line number="52" hits="91" branch="False" />
                <line number="53" hits="91" branch="False" />
                <line number="54" hits="91" branch="True" condition-coverage="100% (2/2)">
                  <conditions>
                    <condition number="16" type="jump" coverage="100%" />
                  </conditions>
                </line>
                <line number="55" hits="9" branch="False" />
                <line number="56" hits="9" branch="False" />
                <line number="57" hits="9" branch="False" />
                <line number="58" hits="9" branch="False" />
                <line number="60" hits="82" branch="False" />
                <line number="61" hits="82" branch="False" />
                <line number="62" hits="82" branch="False" />
                <line number="63" hits="91" branch="False" />
              </lines>
            </method>
            <method name="get_IsTaskDue" signature="()" line-rate="1" branch-rate="1" complexity="8">
              <lines>
                <line number="69" hits="8" branch="False" />
                <line number="70" hits="8" branch="True" condition-coverage="100% (2/2)">
                  <conditions>
                    <condition number="9" type="jump" coverage="100%" />
                  </conditions>
                </line>
                <line number="71" hits="4" branch="False" />
                <line number="73" hits="4" branch="False" />
                <line number="75" hits="4" branch="True" condition-coverage="100% (2/2)">
                  <conditions>
                    <condition number="41" type="jump" coverage="100%" />
                  </conditions>
                </line>
                <line number="76" hits="1" branch="False" />
                <line number="78" hits="3" branch="True" condition-coverage="100% (2/2)">
                  <conditions>
                    <condition number="62" type="jump" coverage="100%" />
                  </conditions>
                </line>
                <line number="79" hits="1" branch="False" />
                <line number="81" hits="2" branch="True" condition-coverage="100% (2/2)">
                  <conditions>
                    <condition number="83" type="jump" coverage="100%" />
                  </conditions>
                </line>
                <line number="82" hits="1" branch="False" />
                <line number="84" hits="1" branch="False" />
                <line number="85" hits="8" branch="False" />
              </lines>
            </method>
            <method name="ParseDate" signature="(System.String,System.String)" line-rate="1" branch-rate="1" complexity="18">
              <lines>
                <line number="185" hits="130" branch="False" />
                <line number="191" hits="130" branch="False" />
                <line number="192" hits="130" branch="False" />
                <line number="193" hits="130" branch="False" />
                <line number="194" hits="130" branch="True" condition-coverage="100% (2/2)">
                  <conditions>
                    <condition number="55" type="jump" coverage="100%" />
                  </conditions>
                </line>
                <line number="195" hits="8" branch="False" />
                <line number="196" hits="8" branch="False" />
                <line number="198" hits="8" branch="False" />
                <line number="199" hits="8" branch="False" />
                <line number="200" hits="8" branch="True" condition-coverage="100% (2/2)">
                  <conditions>
                    <condition number="93" type="jump" coverage="100%" />
                  </conditions>
                </line>
                <line number="201" hits="2" branch="False" />
                <line number="202" hits="2" branch="False" />
                <line number="203" hits="2" branch="False" />
                <line number="204" hits="6" branch="True" condition-coverage="100% (2/2)">
                  <conditions>
                    <condition number="120" type="jump" coverage="100%" />
                  </conditions>
                </line>
                <line number="205" hits="2" branch="False" />
                <line number="206" hits="2" branch="False" />
                <line number="207" hits="2" branch="False" />
                <line number="208" hits="2" branch="False" />
                <line number="209" hits="4" branch="True" condition-coverage="100% (2/2)">
                  <conditions>
                    <condition number="172" type="jump" coverage="100%" />
                  </conditions>
                </line>
                <line number="210" hits="4" branch="False" />
                <line number="211" hits="4" branch="False" />
                <line number="212" hits="4" branch="False" />
                <line number="217" hits="21" branch="False" />
                <line number="218" hits="21" branch="False" />
                <line number="219" hits="21" branch="False" />
                <line number="220" hits="21" branch="False" />
                <line number="221" hits="21" branch="False" />
                <line number="222" hits="21" branch="False" />
                <line number="223" hits="42" branch="True" condition-coverage="100% (4/4)">
                  <conditions>
                    <condition number="262" type="jump" coverage="100%" />
                    <condition number="248" type="jump" coverage="100%" />
                  </conditions>
                </line>
                <line number="225" hits="4" branch="False" />
                <line number="227" hits="8" branch="True" condition-coverage="100% (2/2)">
                  <conditions>
                    <condition number="271" type="jump" coverage="100%" />
                  </conditions>
                </line>
                <line number="228" hits="8" branch="True" condition-coverage="100% (2/2)">
                  <conditions>
                    <condition number="288" type="jump" coverage="100%" />
                  </conditions>
                </line>
                <line number="229" hits="5" branch="False" />
                <line number="230" hits="3" branch="True" condition-coverage="100% (2/2)">
                  <conditions>
                    <condition number="338" type="jump" coverage="100%" />
                  </conditions>
                </line>
                <line number="231" hits="3" branch="False" />
                <line number="232" hits="8" branch="False" />
                <line number="233" hits="130" branch="False" />
                <line number="234" hits="130" branch="False" />
              </lines>
            </method>
            <method name="ToString" signature="()" line-rate="0.8965000000000001" branch-rate="0.7" complexity="10">
              <lines>
                <line number="249" hits="34" branch="False" />
                <line number="250" hits="34" branch="False" />
                <line number="251" hits="34" branch="True" condition-coverage="100% (2/2)">
                  <conditions>
                    <condition number="23" type="jump" coverage="100%" />
                  </conditions>
                </line>
                <line number="253" hits="33" branch="False" />
                <line number="254" hits="33" branch="False" />
                <line number="255" hits="33" branch="False" />
                <line number="257" hits="33" branch="False" />
                <line number="260" hits="33" branch="True" condition-coverage="100% (2/2)">
                  <conditions>
                    <condition number="79" type="jump" coverage="100%" />
                  </conditions>
                </line>
                <line number="261" hits="2" branch="False" />
                <line number="262" hits="2" branch="True" condition-coverage="50% (1/2)">
                  <conditions>
                    <condition number="92" type="jump" coverage="50%" />
                  </conditions>
                </line>
                <line number="263" hits="2" branch="False" />
                <line number="264" hits="2" branch="False" />
                <line number="265" hits="2" branch="False" />
                <line number="266" hits="2" branch="False" />
                <line number="268" hits="0" branch="False" />
                <line number="269" hits="0" branch="False" />
                <line number="270" hits="0" branch="False" />
                <line number="271" hits="2" branch="False" />
                <line number="272" hits="33" branch="False" />
                <line number="274" hits="1" branch="False" />
                <line number="275" hits="1" branch="True" condition-coverage="50% (2/4)">
                  <conditions>
                    <condition number="203" type="jump" coverage="50%" />
                    <condition number="248" type="jump" coverage="50%" />
                  </conditions>
                </line>
                <line number="276" hits="1" branch="False" />
                <line number="277" hits="1" branch="False" />
                <line number="278" hits="1" branch="False" />
                <line number="279" hits="1" branch="False" />
                <line number="280" hits="1" branch="False" />
                <line number="281" hits="1" branch="False" />
                <line number="283" hits="34" branch="False" />
                <line number="284" hits="34" branch="False" />
              </lines>
            </method>
            <method name="CompareTo" signature="(System.Object)" line-rate="0" branch-rate="1" complexity="1">
              <lines>
                <line number="287" hits="0" branch="False" />
                <line number="288" hits="0" branch="False" />
                <line number="290" hits="0" branch="False" />
                <line number="291" hits="0" branch="False" />
              </lines>
            </method>
            <method name="IncPriority" signature="()" line-rate="0" branch-rate="1" complexity="1">
              <lines>
                <line number="294" hits="0" branch="False" />
                <line number="295" hits="0" branch="False" />
                <line number="296" hits="0" branch="False" />
              </lines>
            </method>
            <method name="DecPriority" signature="()" line-rate="0" branch-rate="1" complexity="1">
              <lines>
                <line number="299" hits="0" branch="False" />
                <line number="300" hits="0" branch="False" />
                <line number="301" hits="0" branch="False" />
              </lines>
            </method>
            <method name="SetPriority" signature="(System.Char)" line-rate="0" branch-rate="0" complexity="6">
              <lines>
                <line number="304" hits="0" branch="False" />
                <line number="305" hits="0" branch="True" condition-coverage="0% (0/2)">
                  <conditions>
                    <condition number="7" type="jump" coverage="0%" />
                  </conditions>
                </line>
                <line number="307" hits="0" branch="True" condition-coverage="0% (0/2)">
                  <conditions>
                    <condition number="58" type="jump" coverage="0%" />
                  </conditions>
                </line>
                <line number="308" hits="0" branch="False" />
                <line number="309" hits="0" branch="True" condition-coverage="0% (0/2)">
                  <conditions>
                    <condition number="74" type="jump" coverage="0%" />
                  </conditions>
                </line>
                <line number="310" hits="0" branch="False" />
                <line number="312" hits="0" branch="False" />
                <line number="313" hits="0" branch="False" />
                <line number="315" hits="0" branch="False" />
                <line number="317" hits="0" branch="False" />
                <line number="318" hits="0" branch="False" />
              </lines>
            </method>
            <method name="ChangePriority" signature="(System.Int32)" line-rate="0" branch-rate="0" complexity="4">
              <lines>
                <line number="322" hits="0" branch="False" />
                <line number="323" hits="0" branch="True" condition-coverage="0% (0/2)">
                  <conditions>
                    <condition number="14" type="jump" coverage="0%" />
                  </conditions>
                </line>
                <line number="324" hits="0" branch="False" />
                <line number="326" hits="0" branch="False" />
                <line number="327" hits="0" branch="False" />
                <line number="329" hits="0" branch="False" />
                <line number="331" hits="0" branch="True" condition-coverage="0% (0/2)">
                  <conditions>
                    <condition number="54" type="jump" coverage="0%" />
                  </conditions>
                </line>
                <line number="332" hits="0" branch="False" />
                <line number="333" hits="0" branch="False" />
                <line number="334" hits="0" branch="False" />
              </lines>
            </method>
            <method name=".ctor" signature="(System.String)" line-rate="1" branch-rate="1" complexity="12">
              <lines>
                <line number="91" hits="65" branch="False" />
                <line number="92" hits="65" branch="False" />
                <line number="93" hits="65" branch="False" />
                <line number="95" hits="65" branch="False" />
                <line number="96" hits="65" branch="False" />
                <line number="99" hits="65" branch="False" />
                <line number="109" hits="65" branch="False" />
                <line number="110" hits="65" branch="False" />
                <line number="112" hits="65" branch="True" condition-coverage="100% (2/2)">
                  <conditions>
                    <condition number="102" type="jump" coverage="100%" />
                  </conditions>
                </line>
                <line number="113" hits="59" branch="False" />
                <line number="114" hits="59" branch="False" />
                <line number="115" hits="59" branch="False" />
                <line number="116" hits="59" branch="False" />
                <line number="118" hits="6" branch="False" />
                <line number="119" hits="6" branch="False" />
                <line number="120" hits="6" branch="True" condition-coverage="100% (2/2)">
                  <conditions>
                    <condition number="150" type="jump" coverage="100%" />
                  </conditions>
                </line>
                <line number="121" hits="1" branch="False" />
                <line number="122" hits="6" branch="False" />
                <line number="124" hits="65" branch="False" />
                <line number="126" hits="65" branch="False" />
                <line number="127" hits="65" branch="False" />
                <line number="128" hits="65" branch="False" />
                <line number="130" hits="65" branch="False" />
                <line number="131" hits="65" branch="False" />
                <line number="132" hits="65" branch="False" />
                <line number="134" hits="65" branch="False" />
                <line number="135" hits="65" branch="False" />
                <line number="136" hits="65" branch="False" />
                <line number="137" hits="65" branch="False" />
                <line number="138" hits="65" branch="False" />
                <line number="139" hits="65" branch="False" />
                <line number="141" hits="65" branch="False" />
                <line number="142" hits="65" branch="False" />
                <line number="143" hits="65" branch="False" />
                <line number="145" hits="65" branch="False" />
                <line number="146" hits="65" branch="False" />
                <line number="147" hits="65" branch="False" />
                <line number="148" hits="65" branch="False" />
                <line number="149" hits="65" branch="False" />
                <line number="150" hits="285" branch="True" condition-coverage="100% (2/2)">
                  <conditions>
                    <condition number="586" type="jump" coverage="100%" />
                  </conditions>
                </line>
                <line number="151" hits="45" branch="False" />
                <line number="152" hits="45" branch="False" />
                <line number="153" hits="45" branch="False" />
                <line number="154" hits="45" branch="True" condition-coverage="100% (2/2)">
                  <conditions>
                    <condition number="559" type="jump" coverage="100%" />
                  </conditions>
                </line>
                <line number="155" hits="44" branch="False" />
                <line number="156" hits="44" branch="False" />
                <line number="157" hits="44" branch="False" />
                <line number="158" hits="45" branch="False" />
                <line number="159" hits="45" branch="False" />
                <line number="160" hits="65" branch="False" />
                <line number="161" hits="65" branch="False" />
                <line number="163" hits="65" branch="False" />
                <line number="164" hits="65" branch="False" />
                <line number="165" hits="65" branch="False" />
                <line number="166" hits="65" branch="False" />
                <line number="167" hits="65" branch="False" />
                <line number="168" hits="311" branch="True" condition-coverage="100% (2/2)">
                  <conditions>
                    <condition number="780" type="jump" coverage="100%" />
                  </conditions>
                </line>
                <line number="169" hits="58" branch="False" />
                <line number="170" hits="58" branch="False" />
                <line number="171" hits="58" branch="False" />
                <line number="172" hits="58" branch="True" condition-coverage="100% (2/2)">
                  <conditions>
                    <condition number="753" type="jump" coverage="100%" />
                  </conditions>
                </line>
                <line number="173" hits="43" branch="False" />
                <line number="174" hits="43" branch="False" />
                <line number="175" hits="43" branch="False" />
                <line number="176" hits="58" branch="False" />
                <line number="177" hits="58" branch="False" />
                <line number="178" hits="65" branch="False" />
                <line number="179" hits="65" branch="False" />
                <line number="181" hits="65" branch="False" />
                <line number="182" hits="65" branch="False" />
              </lines>
            </method>
            <method name=".ctor" signature="(System.String,System.Collections.Generic.List`1&lt;System.String&gt;,System.Collections.Generic.List`1&lt;System.String&gt;,System.String,System.String,System.Boolean,System.String)" line-rate="1" branch-rate="1" complexity="1">
              <lines>
                <line number="236" hits="24" branch="False" />
                <line number="237" hits="24" branch="False" />
                <line number="238" hits="24" branch="False" />
                <line number="239" hits="24" branch="False" />
                <line number="240" hits="24" branch="False" />
                <line number="241" hits="24" branch="False" />
                <line number="242" hits="24" branch="False" />
                <line number="243" hits="24" branch="False" />
                <line number="244" hits="24" branch="False" />
                <line number="245" hits="24" branch="False" />
                <line number="246" hits="24" branch="False" />
              </lines>
            </method>
          </methods>
          <lines>
            <line number="33" hits="181" branch="False" />
            <line number="34" hits="109" branch="False" />
            <line number="35" hits="180" branch="False" />
            <line number="36" hits="108" branch="False" />
            <line number="37" hits="139" branch="False" />
            <line number="38" hits="154" branch="False" />
            <line number="39" hits="66" branch="False" />
            <line number="40" hits="89" branch="False" />
            <line number="41" hits="190" branch="False" />
            <line number="42" hits="136" branch="False" />
            <line number="43" hits="202" branch="False" />
            <line number="49" hits="273" branch="False" />
            <line number="52" hits="91" branch="False" />
            <line number="53" hits="91" branch="False" />
            <line number="54" hits="91" branch="True" condition-coverage="100% (2/2)">
              <conditions>
                <condition number="16" type="jump" coverage="100%" />
              </conditions>
            </line>
            <line number="55" hits="9" branch="False" />
            <line number="56" hits="9" branch="False" />
            <line number="57" hits="9" branch="False" />
            <line number="58" hits="9" branch="False" />
            <line number="60" hits="82" branch="False" />
            <line number="61" hits="82" branch="False" />
            <line number="62" hits="82" branch="False" />
            <line number="63" hits="91" branch="False" />
            <line number="69" hits="8" branch="False" />
            <line number="70" hits="8" branch="True" condition-coverage="100% (2/2)">
              <conditions>
                <condition number="9" type="jump" coverage="100%" />
              </conditions>
            </line>
            <line number="71" hits="4" branch="False" />
            <line number="73" hits="4" branch="False" />
            <line number="75" hits="4" branch="True" condition-coverage="100% (2/2)">
              <conditions>
                <condition number="41" type="jump" coverage="100%" />
              </conditions>
            </line>
            <line number="76" hits="1" branch="False" />
            <line number="78" hits="3" branch="True" condition-coverage="100% (2/2)">
              <conditions>
                <condition number="62" type="jump" coverage="100%" />
              </conditions>
            </line>
            <line number="79" hits="1" branch="False" />
            <line number="81" hits="2" branch="True" condition-coverage="100% (2/2)">
              <conditions>
                <condition number="83" type="jump" coverage="100%" />
              </conditions>
            </line>
            <line number="82" hits="1" branch="False" />
            <line number="84" hits="1" branch="False" />
            <line number="85" hits="8" branch="False" />
            <line number="185" hits="130" branch="False" />
            <line number="191" hits="130" branch="False" />
            <line number="192" hits="130" branch="False" />
            <line number="193" hits="130" branch="False" />
            <line number="194" hits="130" branch="True" condition-coverage="100% (2/2)">
              <conditions>
                <condition number="55" type="jump" coverage="100%" />
              </conditions>
            </line>
            <line number="195" hits="8" branch="False" />
            <line number="196" hits="8" branch="False" />
            <line number="198" hits="8" branch="False" />
            <line number="199" hits="8" branch="False" />
            <line number="200" hits="8" branch="True" condition-coverage="100% (2/2)">
              <conditions>
                <condition number="93" type="jump" coverage="100%" />
              </conditions>
            </line>
            <line number="201" hits="2" branch="False" />
            <line number="202" hits="2" branch="False" />
            <line number="203" hits="2" branch="False" />
            <line number="204" hits="6" branch="True" condition-coverage="100% (2/2)">
              <conditions>
                <condition number="120" type="jump" coverage="100%" />
              </conditions>
            </line>
            <line number="205" hits="2" branch="False" />
            <line number="206" hits="2" branch="False" />
            <line number="207" hits="2" branch="False" />
            <line number="208" hits="2" branch="False" />
            <line number="209" hits="4" branch="True" condition-coverage="100% (2/2)">
              <conditions>
                <condition number="172" type="jump" coverage="100%" />
              </conditions>
            </line>
            <line number="210" hits="4" branch="False" />
            <line number="211" hits="4" branch="False" />
            <line number="212" hits="4" branch="False" />
            <line number="217" hits="21" branch="False" />
            <line number="218" hits="21" branch="False" />
            <line number="219" hits="21" branch="False" />
            <line number="220" hits="21" branch="False" />
            <line number="221" hits="21" branch="False" />
            <line number="222" hits="21" branch="False" />
            <line number="223" hits="42" branch="True" condition-coverage="100% (4/4)">
              <conditions>
                <condition number="262" type="jump" coverage="100%" />
                <condition number="248" type="jump" coverage="100%" />
              </conditions>
            </line>
            <line number="225" hits="4" branch="False" />
            <line number="227" hits="8" branch="True" condition-coverage="100% (2/2)">
              <conditions>
                <condition number="271" type="jump" coverage="100%" />
              </conditions>
            </line>
            <line number="228" hits="8" branch="True" condition-coverage="100% (2/2)">
              <conditions>
                <condition number="288" type="jump" coverage="100%" />
              </conditions>
            </line>
            <line number="229" hits="5" branch="False" />
            <line number="230" hits="3" branch="True" condition-coverage="100% (2/2)">
              <conditions>
                <condition number="338" type="jump" coverage="100%" />
              </conditions>
            </line>
            <line number="231" hits="3" branch="False" />
            <line number="232" hits="8" branch="False" />
            <line number="233" hits="130" branch="False" />
            <line number="234" hits="130" branch="False" />
            <line number="249" hits="34" branch="False" />
            <line number="250" hits="34" branch="False" />
            <line number="251" hits="34" branch="True" condition-coverage="100% (2/2)">
              <conditions>
                <condition number="23" type="jump" coverage="100%" />
              </conditions>
            </line>
            <line number="253" hits="33" branch="False" />
            <line number="254" hits="33" branch="False" />
            <line number="255" hits="33" branch="False" />
            <line number="257" hits="33" branch="False" />
            <line number="260" hits="33" branch="True" condition-coverage="100% (2/2)">
              <conditions>
                <condition number="79" type="jump" coverage="100%" />
              </conditions>
            </line>
            <line number="261" hits="2" branch="False" />
            <line number="262" hits="2" branch="True" condition-coverage="50% (1/2)">
              <conditions>
                <condition number="92" type="jump" coverage="50%" />
              </conditions>
            </line>
            <line number="263" hits="2" branch="False" />
            <line number="264" hits="2" branch="False" />
            <line number="265" hits="2" branch="False" />
            <line number="266" hits="2" branch="False" />
            <line number="268" hits="0" branch="False" />
            <line number="269" hits="0" branch="False" />
            <line number="270" hits="0" branch="False" />
            <line number="271" hits="2" branch="False" />
            <line number="272" hits="33" branch="False" />
            <line number="274" hits="1" branch="False" />
            <line number="275" hits="1" branch="True" condition-coverage="50% (2/4)">
              <conditions>
                <condition number="203" type="jump" coverage="50%" />
                <condition number="248" type="jump" coverage="50%" />
              </conditions>
            </line>
            <line number="276" hits="1" branch="False" />
            <line number="277" hits="1" branch="False" />
            <line number="278" hits="1" branch="False" />
            <line number="279" hits="1" branch="False" />
            <line number="280" hits="1" branch="False" />
            <line number="281" hits="1" branch="False" />
            <line number="283" hits="34" branch="False" />
            <line number="284" hits="34" branch="False" />
            <line number="287" hits="0" branch="False" />
            <line number="288" hits="0" branch="False" />
            <line number="290" hits="0" branch="False" />
            <line number="291" hits="0" branch="False" />
            <line number="294" hits="0" branch="False" />
            <line number="295" hits="0" branch="False" />
            <line number="296" hits="0" branch="False" />
            <line number="299" hits="0" branch="False" />
            <line number="300" hits="0" branch="False" />
            <line number="301" hits="0" branch="False" />
            <line number="304" hits="0" branch="False" />
            <line number="305" hits="0" branch="True" condition-coverage="0% (0/2)">
              <conditions>
                <condition number="7" type="jump" coverage="0%" />
              </conditions>
            </line>
            <line number="307" hits="0" branch="True" condition-coverage="0% (0/2)">
              <conditions>
                <condition number="58" type="jump" coverage="0%" />
              </conditions>
            </line>
            <line number="308" hits="0" branch="False" />
            <line number="309" hits="0" branch="True" condition-coverage="0% (0/2)">
              <conditions>
                <condition number="74" type="jump" coverage="0%" />
              </conditions>
            </line>
            <line number="310" hits="0" branch="False" />
            <line number="312" hits="0" branch="False" />
            <line number="313" hits="0" branch="False" />
            <line number="315" hits="0" branch="False" />
            <line number="317" hits="0" branch="False" />
            <line number="318" hits="0" branch="False" />
            <line number="322" hits="0" branch="False" />
            <line number="323" hits="0" branch="True" condition-coverage="0% (0/2)">
              <conditions>
                <condition number="14" type="jump" coverage="0%" />
              </conditions>
            </line>
            <line number="324" hits="0" branch="False" />
            <line number="326" hits="0" branch="False" />
            <line number="327" hits="0" branch="False" />
            <line number="329" hits="0" branch="False" />
            <line number="331" hits="0" branch="True" condition-coverage="0% (0/2)">
              <conditions>
                <condition number="54" type="jump" coverage="0%" />
              </conditions>
            </line>
            <line number="332" hits="0" branch="False" />
            <line number="333" hits="0" branch="False" />
            <line number="334" hits="0" branch="False" />
            <line number="91" hits="65" branch="False" />
            <line number="92" hits="65" branch="False" />
            <line number="93" hits="65" branch="False" />
            <line number="95" hits="65" branch="False" />
            <line number="96" hits="65" branch="False" />
            <line number="99" hits="65" branch="False" />
            <line number="109" hits="65" branch="False" />
            <line number="110" hits="65" branch="False" />
            <line number="112" hits="65" branch="True" condition-coverage="100% (2/2)">
              <conditions>
                <condition number="102" type="jump" coverage="100%" />
              </conditions>
            </line>
            <line number="113" hits="59" branch="False" />
            <line number="114" hits="59" branch="False" />
            <line number="115" hits="59" branch="False" />
            <line number="116" hits="59" branch="False" />
            <line number="118" hits="6" branch="False" />
            <line number="119" hits="6" branch="False" />
            <line number="120" hits="6" branch="True" condition-coverage="100% (2/2)">
              <conditions>
                <condition number="150" type="jump" coverage="100%" />
              </conditions>
            </line>
            <line number="121" hits="1" branch="False" />
            <line number="122" hits="6" branch="False" />
            <line number="124" hits="65" branch="False" />
            <line number="126" hits="65" branch="False" />
            <line number="127" hits="65" branch="False" />
            <line number="128" hits="65" branch="False" />
            <line number="130" hits="65" branch="False" />
            <line number="131" hits="65" branch="False" />
            <line number="132" hits="65" branch="False" />
            <line number="134" hits="65" branch="False" />
            <line number="135" hits="65" branch="False" />
            <line number="136" hits="65" branch="False" />
            <line number="137" hits="65" branch="False" />
            <line number="138" hits="65" branch="False" />
            <line number="139" hits="65" branch="False" />
            <line number="141" hits="65" branch="False" />
            <line number="142" hits="65" branch="False" />
            <line number="143" hits="65" branch="False" />
            <line number="145" hits="65" branch="False" />
            <line number="146" hits="65" branch="False" />
            <line number="147" hits="65" branch="False" />
            <line number="148" hits="65" branch="False" />
            <line number="149" hits="65" branch="False" />
            <line number="150" hits="285" branch="True" condition-coverage="100% (2/2)">
              <conditions>
                <condition number="586" type="jump" coverage="100%" />
              </conditions>
            </line>
            <line number="151" hits="45" branch="False" />
            <line number="152" hits="45" branch="False" />
            <line number="153" hits="45" branch="False" />
            <line number="154" hits="45" branch="True" condition-coverage="100% (2/2)">
              <conditions>
                <condition number="559" type="jump" coverage="100%" />
              </conditions>
            </line>
            <line number="155" hits="44" branch="False" />
            <line number="156" hits="44" branch="False" />
            <line number="157" hits="44" branch="False" />
            <line number="158" hits="45" branch="False" />
            <line number="159" hits="45" branch="False" />
            <line number="160" hits="65" branch="False" />
            <line number="161" hits="65" branch="False" />
            <line number="163" hits="65" branch="False" />
            <line number="164" hits="65" branch="False" />
            <line number="165" hits="65" branch="False" />
            <line number="166" hits="65" branch="False" />
            <line number="167" hits="65" branch="False" />
            <line number="168" hits="311" branch="True" condition-coverage="100% (2/2)">
              <conditions>
                <condition number="780" type="jump" coverage="100%" />
              </conditions>
            </line>
            <line number="169" hits="58" branch="False" />
            <line number="170" hits="58" branch="False" />
            <line number="171" hits="58" branch="False" />
            <line number="172" hits="58" branch="True" condition-coverage="100% (2/2)">
              <conditions>
                <condition number="753" type="jump" coverage="100%" />
              </conditions>
            </line>
            <line number="173" hits="43" branch="False" />
            <line number="174" hits="43" branch="False" />
            <line number="175" hits="43" branch="False" />
            <line number="176" hits="58" branch="False" />
            <line number="177" hits="58" branch="False" />
            <line number="178" hits="65" branch="False" />
            <line number="179" hits="65" branch="False" />
            <line number="181" hits="65" branch="False" />
            <line number="182" hits="65" branch="False" />
            <line number="236" hits="24" branch="False" />
            <line number="237" hits="24" branch="False" />
            <line number="238" hits="24" branch="False" />
            <line number="239" hits="24" branch="False" />
            <line number="240" hits="24" branch="False" />
            <line number="241" hits="24" branch="False" />
            <line number="242" hits="24" branch="False" />
            <line number="243" hits="24" branch="False" />
            <line number="244" hits="24" branch="False" />
            <line number="245" hits="24" branch="False" />
            <line number="246" hits="24" branch="False" />
          </lines>
        </class>
        <class name="ToDoLib.TaskException" filename="TodoTxt.Lib/TaskException.cs" line-rate="0" branch-rate="1" complexity="2">
          <methods>
            <method name=".ctor" signature="(System.String)" line-rate="0" branch-rate="1" complexity="1">
              <lines>
                <line number="8" hits="0" branch="False" />
                <line number="9" hits="0" branch="False" />
                <line number="11" hits="0" branch="False" />
              </lines>
            </method>
            <method name=".ctor" signature="(System.String,System.Exception)" line-rate="0" branch-rate="1" complexity="1">
              <lines>
                <line number="14" hits="0" branch="False" />
                <line number="15" hits="0" branch="False" />
                <line number="16" hits="0" branch="False" />
              </lines>
            </method>
          </methods>
          <lines>
            <line number="8" hits="0" branch="False" />
            <line number="9" hits="0" branch="False" />
            <line number="11" hits="0" branch="False" />
            <line number="14" hits="0" branch="False" />
            <line number="15" hits="0" branch="False" />
            <line number="16" hits="0" branch="False" />
          </lines>
        </class>
        <class name="ToDoLib.TaskList" filename="TodoTxt.Lib/TaskList.cs" line-rate="0.682" branch-rate="0.875" complexity="39">
          <methods>
            <method name="get_Tasks" signature="()" line-rate="1" branch-rate="1" complexity="1">
              <lines>
                <line number="26" hits="79" branch="False" />
              </lines>
            </method>
            <method name="get_Projects" signature="()" line-rate="1" branch-rate="1" complexity="1">
              <lines>
                <line number="29" hits="21" branch="False" />
              </lines>
            </method>
            <method name="get_Contexts" signature="()" line-rate="1" branch-rate="1" complexity="1">
              <lines>
                <line number="30" hits="21" branch="False" />
              </lines>
            </method>
            <method name="get_Priorities" signature="()" line-rate="1" branch-rate="1" complexity="1">
              <lines>
                <line number="31" hits="21" branch="False" />
              </lines>
            </method>
            <method name="get_PreserveWhiteSpace" signature="()" line-rate="1" branch-rate="1" complexity="1">
              <lines>
                <line number="32" hits="12" branch="False" />
              </lines>
            </method>
            <method name="UpdateTaskListMetaData" signature="()" line-rate="1" branch-rate="1" complexity="6">
              <lines>
                <line number="55" hits="21" branch="False" />
                <line number="56" hits="21" branch="False" />
                <line number="57" hits="21" branch="False" />
                <line number="58" hits="21" branch="False" />
                <line number="60" hits="151" branch="True" condition-coverage="100% (2/2)">
                  <conditions>
                    <condition number="195" type="jump" coverage="100%" />
                  </conditions>
                </line>
                <line number="61" hits="44" branch="False" />
                <line number="62" hits="180" branch="True" condition-coverage="100% (2/2)">
                  <conditions>
                    <condition number="91" type="jump" coverage="100%" />
                  </conditions>
                </line>
                <line number="63" hits="24" branch="False" />
                <line number="64" hits="24" branch="False" />
                <line number="65" hits="24" branch="False" />
                <line number="66" hits="180" branch="True" condition-coverage="100% (2/2)">
                  <conditions>
                    <condition number="154" type="jump" coverage="100%" />
                  </conditions>
                </line>
                <line number="67" hits="24" branch="False" />
                <line number="68" hits="24" branch="False" />
                <line number="69" hits="24" branch="False" />
                <line number="70" hits="44" branch="False" />
                <line number="71" hits="44" branch="False" />
                <line number="73" hits="21" branch="False" />
                <line number="74" hits="21" branch="False" />
                <line number="75" hits="21" branch="False" />
                <line number="76" hits="21" branch="False" />
              </lines>
            </method>
            <method name="ReloadTasks" signature="()" line-rate="0.7187" branch-rate="1" complexity="6">
              <lines>
                <line number="81" hits="11" branch="False" />
                <line number="82" hits="11" branch="False" />
                <line number="85" hits="11" branch="False" />
                <line number="86" hits="11" branch="False" />
                <line number="88" hits="11" branch="False" />
                <line number="89" hits="11" branch="False" />
                <line number="90" hits="11" branch="False" />
                <line number="92" hits="33" branch="True" condition-coverage="100% (2/2)">
                  <conditions>
                    <condition number="120" type="jump" coverage="100%" />
                  </conditions>
                </line>
                <line number="93" hits="22" branch="False" />
                <line number="94" hits="22" branch="True" condition-coverage="100% (4/4)">
                  <conditions>
                    <condition number="69" type="jump" coverage="100%" />
                    <condition number="82" type="jump" coverage="100%" />
                  </conditions>
                </line>
                <line number="95" hits="20" branch="False" />
                <line number="96" hits="20" branch="False" />
                <line number="97" hits="20" branch="False" />
                <line number="98" hits="22" branch="False" />
                <line number="99" hits="11" branch="False" />
                <line number="101" hits="11" branch="False" />
                <line number="103" hits="11" branch="False" />
                <line number="104" hits="11" branch="False" />
                <line number="105" hits="0" branch="False" />
                <line number="106" hits="0" branch="False" />
                <line number="107" hits="0" branch="False" />
                <line number="108" hits="0" branch="False" />
                <line number="109" hits="0" branch="False" />
                <line number="111" hits="0" branch="False" />
                <line number="112" hits="0" branch="False" />
                <line number="113" hits="0" branch="False" />
                <line number="114" hits="0" branch="False" />
                <line number="117" hits="11" branch="False" />
                <line number="118" hits="11" branch="False" />
                <line number="119" hits="11" branch="False" />
                <line number="120" hits="11" branch="False" />
                <line number="121" hits="11" branch="False" />
              </lines>
            </method>
            <method name="Add" signature="(ToDoLib.Task)" line-rate="0.5555" branch-rate="0.75" complexity="4">
              <lines>
                <line number="124" hits="7" branch="False" />
                <line number="126" hits="7" branch="False" />
                <line number="127" hits="7" branch="False" />
                <line number="129" hits="7" branch="False" />
                <line number="131" hits="7" branch="False" />
                <line number="132" hits="7" branch="True" condition-coverage="75% (3/4)">
                  <conditions>
                    <condition number="49" type="jump" coverage="100%" />
                    <condition number="71" type="jump" coverage="50%" />
                  </conditions>
                </line>
                <line number="133" hits="0" branch="False" />
                <line number="134" hits="0" branch="False" />
                <line number="135" hits="0" branch="False" />
                <line number="137" hits="7" branch="False" />
                <line number="139" hits="7" branch="False" />
                <line number="141" hits="7" branch="False" />
                <line number="142" hits="7" branch="False" />
                <line number="143" hits="0" branch="False" />
                <line number="144" hits="0" branch="False" />
                <line number="145" hits="0" branch="False" />
                <line number="146" hits="0" branch="False" />
                <line number="147" hits="0" branch="False" />
                <line number="149" hits="0" branch="False" />
                <line number="150" hits="0" branch="False" />
                <line number="151" hits="0" branch="False" />
                <line number="152" hits="0" branch="False" />
                <line number="155" hits="7" branch="False" />
                <line number="156" hits="7" branch="False" />
                <line number="157" hits="7" branch="False" />
                <line number="158" hits="7" branch="False" />
                <line number="159" hits="7" branch="False" />
              </lines>
            </method>
            <method name="RaiseModifiedEvent" signature="()" line-rate="0.5" branch-rate="0.5" complexity="2">
              <lines>
                <line number="162" hits="21" branch="False" />
                <line number="163" hits="21" branch="True" condition-coverage="50% (1/2)">
                  <conditions>
                    <condition number="12" type="jump" coverage="50%" />
                  </conditions>
                </line>
                <line number="164" hits="0" branch="False" />
                <line number="165" hits="0" branch="False" />
                <line number="166" hits="0" branch="False" />
                <line number="167" hits="21" branch="False" />
              </lines>
            </method>
            <method name="Delete" signature="(ToDoLib.Task)" line-rate="0.6086" branch-rate="1" complexity="2">
              <lines>
                <line number="170" hits="2" branch="False" />
                <line number="172" hits="2" branch="False" />
                <line number="173" hits="2" branch="False" />
                <line number="175" hits="9" branch="True" condition-coverage="100% (2/2)">
                  <conditions>
                    <condition number="82" type="jump" coverage="100%" />
                  </conditions>
                </line>
                <line number="176" hits="2" branch="False" />
                <line number="177" hits="2" branch="False" />
                <line number="178" hits="2" branch="False" />
                <line number="180" hits="2" branch="False" />
                <line number="181" hits="2" branch="False" />
                <line number="182" hits="0" branch="False" />
                <line number="183" hits="0" branch="False" />
                <line number="184" hits="0" branch="False" />
                <line number="185" hits="0" branch="False" />
                <line number="186" hits="0" branch="False" />
                <line number="188" hits="0" branch="False" />
                <line number="189" hits="0" branch="False" />
                <line number="190" hits="0" branch="False" />
                <line number="191" hits="0" branch="False" />
                <line number="194" hits="2" branch="False" />
                <line number="195" hits="2" branch="False" />
                <line number="196" hits="2" branch="False" />
                <line number="197" hits="2" branch="False" />
                <line number="198" hits="2" branch="False" />
              </lines>
            </method>
            <method name="Update" signature="(ToDoLib.Task,ToDoLib.Task,System.Boolean)" line-rate="0.6071" branch-rate="0.75" complexity="4">
              <lines>
                <line number="209" hits="1" branch="False" />
                <line number="210" hits="1" branch="False" />
                <line number="213" hits="1" branch="False" />
                <line number="216" hits="4" branch="True" condition-coverage="50% (1/2)">
                  <conditions>
                    <condition number="83" type="jump" coverage="50%" />
                  </conditions>
                </line>
                <line number="217" hits="0" branch="False" />
                <line number="218" hits="0" branch="False" />
                <line number="221" hits="4" branch="False" />
                <line number="222" hits="1" branch="False" />
                <line number="224" hits="1" branch="False" />
                <line number="226" hits="1" branch="True" condition-coverage="100% (2/2)">
                  <conditions>
                    <condition number="180" type="jump" coverage="100%" />
                  </conditions>
                </line>
                <line number="227" hits="1" branch="False" />
                <line number="228" hits="1" branch="False" />
                <line number="229" hits="1" branch="False" />
                <line number="230" hits="1" branch="False" />
                <line number="231" hits="0" branch="False" />
                <line number="232" hits="0" branch="False" />
                <line number="233" hits="0" branch="False" />
                <line number="234" hits="0" branch="False" />
                <line number="235" hits="0" branch="False" />
                <line number="237" hits="0" branch="False" />
                <line number="238" hits="0" branch="False" />
                <line number="239" hits="0" branch="False" />
                <line number="240" hits="0" branch="False" />
                <line number="243" hits="1" branch="False" />
                <line number="244" hits="1" branch="False" />
                <line number="245" hits="1" branch="False" />
                <line number="246" hits="1" branch="False" />
                <line number="247" hits="1" branch="False" />
              </lines>
            </method>
            <method name="GetPreferredFileLineEndingFromFile" signature="()" line-rate="0.6537999999999999" branch-rate="0.875" complexity="8">
              <lines>
                <line number="250" hits="11" branch="False" />
                <line number="252" hits="11" branch="False" />
                <line number="253" hits="11" branch="False" />
                <line number="254" hits="11" branch="False" />
                <line number="255" hits="11" branch="False" />
                <line number="258" hits="126" branch="True" condition-coverage="100% (2/2)">
                  <conditions>
                    <condition number="99" type="jump" coverage="100%" />
                  </conditions>
                </line>
                <line number="259" hits="63" branch="False" />
                <line number="260" hits="63" branch="False" />
                <line number="261" hits="65" branch="True" condition-coverage="100% (2/2)">
                  <conditions>
                    <condition number="37" type="jump" coverage="100%" />
                  </conditions>
                </line>
                <line number="263" hits="61" branch="False" />
                <line number="264" hits="61" branch="True" condition-coverage="100% (2/2)">
                  <conditions>
                    <condition number="55" type="jump" coverage="100%" />
                  </conditions>
                </line>
                <line number="265" hits="9" branch="False" />
                <line number="266" hits="9" branch="True" condition-coverage="50% (1/2)">
                  <conditions>
                    <condition number="61" type="jump" coverage="50%" />
                  </conditions>
                </line>
                <line number="269" hits="52" branch="False" />
                <line number="270" hits="52" branch="False" />
                <line number="273" hits="2" branch="False" />
                <line number="276" hits="0" branch="False" />
                <line number="277" hits="0" branch="False" />
                <line number="278" hits="0" branch="False" />
                <line number="279" hits="0" branch="False" />
                <line number="280" hits="0" branch="False" />
                <line number="282" hits="0" branch="False" />
                <line number="283" hits="0" branch="False" />
                <line number="284" hits="0" branch="False" />
                <line number="285" hits="0" branch="False" />
                <line number="287" hits="11" branch="False" />
              </lines>
            </method>
            <method name="WriteAllTasksToFile" signature="()" line-rate="0.5263" branch-rate="1" complexity="1">
              <lines>
                <line number="290" hits="3" branch="False" />
                <line number="292" hits="3" branch="False" />
                <line number="293" hits="3" branch="False" />
                <line number="294" hits="3" branch="False" />
                <line number="295" hits="3" branch="False" />
                <line number="296" hits="27" branch="False" />
                <line number="297" hits="3" branch="False" />
                <line number="298" hits="3" branch="False" />
                <line number="299" hits="3" branch="False" />
                <line number="300" hits="0" branch="False" />
                <line number="301" hits="0" branch="False" />
                <line number="302" hits="0" branch="False" />
                <line number="303" hits="0" branch="False" />
                <line number="304" hits="0" branch="False" />
                <line number="306" hits="0" branch="False" />
                <line number="307" hits="0" branch="False" />
                <line number="308" hits="0" branch="False" />
                <line number="309" hits="0" branch="False" />
                <line number="311" hits="3" branch="False" />
              </lines>
            </method>
            <method name=".ctor" signature="(System.String,System.Boolean)" line-rate="1" branch-rate="1" complexity="1">
              <lines>
                <line number="24" hits="10" branch="False" />
                <line number="25" hits="10" branch="False" />
                <line number="38" hits="10" branch="False" />
                <line number="39" hits="10" branch="False" />
                <line number="40" hits="10" branch="False" />
                <line number="41" hits="10" branch="False" />
                <line number="42" hits="10" branch="False" />
                <line number="43" hits="10" branch="False" />
                <line number="44" hits="10" branch="False" />
              </lines>
            </method>
          </methods>
          <lines>
            <line number="26" hits="79" branch="False" />
            <line number="29" hits="21" branch="False" />
            <line number="30" hits="21" branch="False" />
            <line number="31" hits="21" branch="False" />
            <line number="32" hits="12" branch="False" />
            <line number="55" hits="21" branch="False" />
            <line number="56" hits="21" branch="False" />
            <line number="57" hits="21" branch="False" />
            <line number="58" hits="21" branch="False" />
            <line number="60" hits="151" branch="True" condition-coverage="100% (2/2)">
              <conditions>
                <condition number="195" type="jump" coverage="100%" />
              </conditions>
            </line>
            <line number="61" hits="44" branch="False" />
            <line number="62" hits="180" branch="True" condition-coverage="100% (2/2)">
              <conditions>
                <condition number="91" type="jump" coverage="100%" />
              </conditions>
            </line>
            <line number="63" hits="24" branch="False" />
            <line number="64" hits="24" branch="False" />
            <line number="65" hits="24" branch="False" />
            <line number="66" hits="180" branch="True" condition-coverage="100% (2/2)">
              <conditions>
                <condition number="154" type="jump" coverage="100%" />
              </conditions>
            </line>
            <line number="67" hits="24" branch="False" />
            <line number="68" hits="24" branch="False" />
            <line number="69" hits="24" branch="False" />
            <line number="70" hits="44" branch="False" />
            <line number="71" hits="44" branch="False" />
            <line number="73" hits="21" branch="False" />
            <line number="74" hits="21" branch="False" />
            <line number="75" hits="21" branch="False" />
            <line number="76" hits="21" branch="False" />
            <line number="81" hits="11" branch="False" />
            <line number="82" hits="11" branch="False" />
            <line number="85" hits="11" branch="False" />
            <line number="86" hits="11" branch="False" />
            <line number="88" hits="11" branch="False" />
            <line number="89" hits="11" branch="False" />
            <line number="90" hits="11" branch="False" />
            <line number="92" hits="33" branch="True" condition-coverage="100% (2/2)">
              <conditions>
                <condition number="120" type="jump" coverage="100%" />
              </conditions>
            </line>
            <line number="93" hits="22" branch="False" />
            <line number="94" hits="22" branch="True" condition-coverage="100% (4/4)">
              <conditions>
                <condition number="69" type="jump" coverage="100%" />
                <condition number="82" type="jump" coverage="100%" />
              </conditions>
            </line>
            <line number="95" hits="20" branch="False" />
            <line number="96" hits="20" branch="False" />
            <line number="97" hits="20" branch="False" />
            <line number="98" hits="22" branch="False" />
            <line number="99" hits="11" branch="False" />
            <line number="101" hits="11" branch="False" />
            <line number="103" hits="11" branch="False" />
            <line number="104" hits="11" branch="False" />
            <line number="105" hits="0" branch="False" />
            <line number="106" hits="0" branch="False" />
            <line number="107" hits="0" branch="False" />
            <line number="108" hits="0" branch="False" />
            <line number="109" hits="0" branch="False" />
            <line number="111" hits="0" branch="False" />
            <line number="112" hits="0" branch="False" />
            <line number="113" hits="0" branch="False" />
            <line number="114" hits="0" branch="False" />
            <line number="117" hits="11" branch="False" />
            <line number="118" hits="11" branch="False" />
            <line number="119" hits="11" branch="False" />
            <line number="120" hits="11" branch="False" />
            <line number="121" hits="11" branch="False" />
            <line number="124" hits="7" branch="False" />
            <line number="126" hits="7" branch="False" />
            <line number="127" hits="7" branch="False" />
            <line number="129" hits="7" branch="False" />
            <line number="131" hits="7" branch="False" />
            <line number="132" hits="7" branch="True" condition-coverage="75% (3/4)">
              <conditions>
                <condition number="49" type="jump" coverage="100%" />
                <condition number="71" type="jump" coverage="50%" />
              </conditions>
            </line>
            <line number="133" hits="0" branch="False" />
            <line number="134" hits="0" branch="False" />
            <line number="135" hits="0" branch="False" />
            <line number="137" hits="7" branch="False" />
            <line number="139" hits="7" branch="False" />
            <line number="141" hits="7" branch="False" />
            <line number="142" hits="7" branch="False" />
            <line number="143" hits="0" branch="False" />
            <line number="144" hits="0" branch="False" />
            <line number="145" hits="0" branch="False" />
            <line number="146" hits="0" branch="False" />
            <line number="147" hits="0" branch="False" />
            <line number="149" hits="0" branch="False" />
            <line number="150" hits="0" branch="False" />
            <line number="151" hits="0" branch="False" />
            <line number="152" hits="0" branch="False" />
            <line number="155" hits="7" branch="False" />
            <line number="156" hits="7" branch="False" />
            <line number="157" hits="7" branch="False" />
            <line number="158" hits="7" branch="False" />
            <line number="159" hits="7" branch="False" />
            <line number="162" hits="21" branch="False" />
            <line number="163" hits="21" branch="True" condition-coverage="50% (1/2)">
              <conditions>
                <condition number="12" type="jump" coverage="50%" />
              </conditions>
            </line>
            <line number="164" hits="0" branch="False" />
            <line number="165" hits="0" branch="False" />
            <line number="166" hits="0" branch="False" />
            <line number="167" hits="21" branch="False" />
            <line number="170" hits="2" branch="False" />
            <line number="172" hits="2" branch="False" />
            <line number="173" hits="2" branch="False" />
            <line number="175" hits="9" branch="True" condition-coverage="100% (2/2)">
              <conditions>
                <condition number="82" type="jump" coverage="100%" />
              </conditions>
            </line>
            <line number="176" hits="2" branch="False" />
            <line number="177" hits="2" branch="False" />
            <line number="178" hits="2" branch="False" />
            <line number="180" hits="2" branch="False" />
            <line number="181" hits="2" branch="False" />
            <line number="182" hits="0" branch="False" />
            <line number="183" hits="0" branch="False" />
            <line number="184" hits="0" branch="False" />
            <line number="185" hits="0" branch="False" />
            <line number="186" hits="0" branch="False" />
            <line number="188" hits="0" branch="False" />
            <line number="189" hits="0" branch="False" />
            <line number="190" hits="0" branch="False" />
            <line number="191" hits="0" branch="False" />
            <line number="194" hits="2" branch="False" />
            <line number="195" hits="2" branch="False" />
            <line number="196" hits="2" branch="False" />
            <line number="197" hits="2" branch="False" />
            <line number="198" hits="2" branch="False" />
            <line number="209" hits="1" branch="False" />
            <line number="210" hits="1" branch="False" />
            <line number="213" hits="1" branch="False" />
            <line number="216" hits="4" branch="True" condition-coverage="50% (1/2)">
              <conditions>
                <condition number="83" type="jump" coverage="50%" />
              </conditions>
            </line>
            <line number="217" hits="0" branch="False" />
            <line number="218" hits="0" branch="False" />
            <line number="221" hits="4" branch="False" />
            <line number="222" hits="1" branch="False" />
            <line number="224" hits="1" branch="False" />
            <line number="226" hits="1" branch="True" condition-coverage="100% (2/2)">
              <conditions>
                <condition number="180" type="jump" coverage="100%" />
              </conditions>
            </line>
            <line number="227" hits="1" branch="False" />
            <line number="228" hits="1" branch="False" />
            <line number="229" hits="1" branch="False" />
            <line number="230" hits="1" branch="False" />
            <line number="231" hits="0" branch="False" />
            <line number="232" hits="0" branch="False" />
            <line number="233" hits="0" branch="False" />
            <line number="234" hits="0" branch="False" />
            <line number="235" hits="0" branch="False" />
            <line number="237" hits="0" branch="False" />
            <line number="238" hits="0" branch="False" />
            <line number="239" hits="0" branch="False" />
            <line number="240" hits="0" branch="False" />
            <line number="243" hits="1" branch="False" />
            <line number="244" hits="1" branch="False" />
            <line number="245" hits="1" branch="False" />
            <line number="246" hits="1" branch="False" />
            <line number="247" hits="1" branch="False" />
            <line number="250" hits="11" branch="False" />
            <line number="252" hits="11" branch="False" />
            <line number="253" hits="11" branch="False" />
            <line number="254" hits="11" branch="False" />
            <line number="255" hits="11" branch="False" />
            <line number="258" hits="126" branch="True" condition-coverage="100% (2/2)">
              <conditions>
                <condition number="99" type="jump" coverage="100%" />
              </conditions>
            </line>
            <line number="259" hits="63" branch="False" />
            <line number="260" hits="63" branch="False" />
            <line number="261" hits="65" branch="True" condition-coverage="100% (2/2)">
              <conditions>
                <condition number="37" type="jump" coverage="100%" />
              </conditions>
            </line>
            <line number="263" hits="61" branch="False" />
            <line number="264" hits="61" branch="True" condition-coverage="100% (2/2)">
              <conditions>
                <condition number="55" type="jump" coverage="100%" />
              </conditions>
            </line>
            <line number="265" hits="9" branch="False" />
            <line number="266" hits="9" branch="True" condition-coverage="50% (1/2)">
              <conditions>
                <condition number="61" type="jump" coverage="50%" />
              </conditions>
            </line>
            <line number="269" hits="52" branch="False" />
            <line number="270" hits="52" branch="False" />
            <line number="273" hits="2" branch="False" />
            <line number="276" hits="0" branch="False" />
            <line number="277" hits="0" branch="False" />
            <line number="278" hits="0" branch="False" />
            <line number="279" hits="0" branch="False" />
            <line number="280" hits="0" branch="False" />
            <line number="282" hits="0" branch="False" />
            <line number="283" hits="0" branch="False" />
            <line number="284" hits="0" branch="False" />
            <line number="285" hits="0" branch="False" />
            <line number="287" hits="11" branch="False" />
            <line number="290" hits="3" branch="False" />
            <line number="292" hits="3" branch="False" />
            <line number="293" hits="3" branch="False" />
            <line number="294" hits="3" branch="False" />
            <line number="295" hits="3" branch="False" />
            <line number="296" hits="27" branch="False" />
            <line number="297" hits="3" branch="False" />
            <line number="298" hits="3" branch="False" />
            <line number="299" hits="3" branch="False" />
            <line number="300" hits="0" branch="False" />
            <line number="301" hits="0" branch="False" />
            <line number="302" hits="0" branch="False" />
            <line number="303" hits="0" branch="False" />
            <line number="304" hits="0" branch="False" />
            <line number="306" hits="0" branch="False" />
            <line number="307" hits="0" branch="False" />
            <line number="308" hits="0" branch="False" />
            <line number="309" hits="0" branch="False" />
            <line number="311" hits="3" branch="False" />
            <line number="24" hits="10" branch="False" />
            <line number="25" hits="10" branch="False" />
            <line number="38" hits="10" branch="False" />
            <line number="39" hits="10" branch="False" />
            <line number="40" hits="10" branch="False" />
            <line number="41" hits="10" branch="False" />
            <line number="42" hits="10" branch="False" />
            <line number="43" hits="10" branch="False" />
            <line number="44" hits="10" branch="False" />
          </lines>
        </class>
      </classes>
    </package>
    <package name="CommonExtensions" line-rate="0.0967" branch-rate="0.0625" complexity="18">
      <classes>
        <class name="CommonExtensions.IEnumerableExtensions" filename="TodoTxt.Shared/IEnumerableExtensions.cs" line-rate="0.21420000000000003" branch-rate="0.125" complexity="9">
          <methods>
            <method name="Each" signature="(System.Collections.Generic.IEnumerable`1&lt;T&gt;,System.Action`1&lt;T&gt;)" line-rate="0" branch-rate="0" complexity="6">
              <lines>
                <line number="11" hits="0" branch="False" />
                <line number="12" hits="0" branch="True" condition-coverage="0% (0/2)">
                  <conditions>
                    <condition number="12" type="jump" coverage="0%" />
                  </conditions>
                </line>
                <line number="13" hits="0" branch="False" />
                <line number="14" hits="0" branch="True" condition-coverage="0% (0/2)">
                  <conditions>
                    <condition number="59" type="jump" coverage="0%" />
                  </conditions>
                </line>
                <line number="15" hits="0" branch="True" condition-coverage="0% (0/2)">
                  <conditions>
                    <condition number="43" type="jump" coverage="0%" />
                  </conditions>
                </line>
                <line number="16" hits="0" branch="False" />
                <line number="17" hits="0" branch="False" />
                <line number="18" hits="0" branch="False" />
              </lines>
            </method>
            <method name="IsNullOrEmpty" signature="(System.Collections.Generic.IEnumerable`1&lt;T&gt;)" line-rate="1" branch-rate="0.5" complexity="2">
              <lines>
                <line number="21" hits="152" branch="False" />
                <line number="22" hits="152" branch="True" condition-coverage="50% (1/2)">
                  <conditions>
                    <condition number="2" type="jump" coverage="50%" />
                  </conditions>
                </line>
                <line number="23" hits="152" branch="False" />
              </lines>
            </method>
            <method name="HasValues" signature="(System.Collections.Generic.IEnumerable`1&lt;T&gt;)" line-rate="0" branch-rate="1" complexity="1">
              <lines>
                <line number="26" hits="0" branch="False" />
                <line number="27" hits="0" branch="False" />
                <line number="28" hits="0" branch="False" />
              </lines>
            </method>
          </methods>
          <lines>
            <line number="11" hits="0" branch="False" />
            <line number="12" hits="0" branch="True" condition-coverage="0% (0/2)">
              <conditions>
                <condition number="12" type="jump" coverage="0%" />
              </conditions>
            </line>
            <line number="13" hits="0" branch="False" />
            <line number="14" hits="0" branch="True" condition-coverage="0% (0/2)">
              <conditions>
                <condition number="59" type="jump" coverage="0%" />
              </conditions>
            </line>
            <line number="15" hits="0" branch="True" condition-coverage="0% (0/2)">
              <conditions>
                <condition number="43" type="jump" coverage="0%" />
              </conditions>
            </line>
            <line number="16" hits="0" branch="False" />
            <line number="17" hits="0" branch="False" />
            <line number="18" hits="0" branch="False" />
            <line number="21" hits="152" branch="False" />
            <line number="22" hits="152" branch="True" condition-coverage="50% (1/2)">
              <conditions>
                <condition number="2" type="jump" coverage="50%" />
              </conditions>
            </line>
            <line number="23" hits="152" branch="False" />
            <line number="26" hits="0" branch="False" />
            <line number="27" hits="0" branch="False" />
            <line number="28" hits="0" branch="False" />
          </lines>
        </class>
        <class name="CommonExtensions.StringExtensions" filename="TodoTxt.Shared/StringExtensions.cs" line-rate="0" branch-rate="0" complexity="9">
          <methods>
            <method name="Contains" signature="(System.String,System.String,System.StringComparison)" line-rate="0" branch-rate="1" complexity="1">
              <lines>
                <line number="11" hits="0" branch="False" />
                <line number="12" hits="0" branch="False" />
                <line number="13" hits="0" branch="False" />
              </lines>
            </method>
            <method name="IsDateGreaterThan" signature="(System.String,System.DateTime)" line-rate="0" branch-rate="0" complexity="4">
              <lines>
                <line number="16" hits="0" branch="False" />
                <line number="17" hits="0" branch="True" condition-coverage="0% (0/2)">
                  <conditions>
                    <condition number="9" type="jump" coverage="0%" />
                  </conditions>
                </line>
                <line number="18" hits="0" branch="False" />
                <line number="21" hits="0" branch="True" condition-coverage="0% (0/2)">
                  <conditions>
                    <condition number="28" type="jump" coverage="0%" />
                  </conditions>
                </line>
                <line number="22" hits="0" branch="False" />
                <line number="24" hits="0" branch="False" />
                <line number="25" hits="0" branch="False" />
              </lines>
            </method>
            <method name="IsDateLessThan" signature="(System.String,System.DateTime)" line-rate="0" branch-rate="0" complexity="4">
              <lines>
                <line number="28" hits="0" branch="False" />
                <line number="29" hits="0" branch="True" condition-coverage="0% (0/2)">
                  <conditions>
                    <condition number="9" type="jump" coverage="0%" />
                  </conditions>
                </line>
                <line number="30" hits="0" branch="False" />
                <line number="33" hits="0" branch="True" condition-coverage="0% (0/2)">
                  <conditions>
                    <condition number="28" type="jump" coverage="0%" />
                  </conditions>
                </line>
                <line number="34" hits="0" branch="False" />
                <line number="36" hits="0" branch="False" />
                <line number="37" hits="0" branch="False" />
              </lines>
            </method>
          </methods>
          <lines>
            <line number="11" hits="0" branch="False" />
            <line number="12" hits="0" branch="False" />
            <line number="13" hits="0" branch="False" />
            <line number="16" hits="0" branch="False" />
            <line number="17" hits="0" branch="True" condition-coverage="0% (0/2)">
              <conditions>
                <condition number="9" type="jump" coverage="0%" />
              </conditions>
            </line>
            <line number="18" hits="0" branch="False" />
            <line number="21" hits="0" branch="True" condition-coverage="0% (0/2)">
              <conditions>
                <condition number="28" type="jump" coverage="0%" />
              </conditions>
            </line>
            <line number="22" hits="0" branch="False" />
            <line number="24" hits="0" branch="False" />
            <line number="25" hits="0" branch="False" />
            <line number="28" hits="0" branch="False" />
            <line number="29" hits="0" branch="True" condition-coverage="0% (0/2)">
              <conditions>
                <condition number="9" type="jump" coverage="0%" />
              </conditions>
            </line>
            <line number="30" hits="0" branch="False" />
            <line number="33" hits="0" branch="True" condition-coverage="0% (0/2)">
              <conditions>
                <condition number="28" type="jump" coverage="0%" />
              </conditions>
            </line>
            <line number="34" hits="0" branch="False" />
            <line number="36" hits="0" branch="False" />
            <line number="37" hits="0" branch="False" />
          </lines>
        </class>
      </classes>
    </package>
  </packages>
</coverage>